Flutter crash report.
Please report a bug at https://github.com/flutter/flutter/issues.

## command

flutter run

## exception

NoSuchMethodError: NoSuchMethodError: The getter 'assetPathsToEvict' was called on null.
Receiver: null
Tried calling: assetPathsToEvict

```
#0      Object.noSuchMethod (dart:core-patch/object_patch.dart:54:5)
#1      HotRunner._resetDirtyAssets (package:flutter_tools/src/run_hot.dart:436:20)
#2      HotRunner._restartFromSources (package:flutter_tools/src/run_hot.dart:499:5)
<asynchronous suspension>
#3      HotRunner._fullRestartHelper (package:flutter_tools/src/run_hot.dart:689:16)
<asynchronous suspension>
#4      HotRunner.restart (package:flutter_tools/src/run_hot.dart:637:38)
<asynchronous suspension>
#5      TerminalHandler._commonTerminalInputHandler (package:flutter_tools/src/resident_runner.dart:1602:40)
<asynchronous suspension>
#6      TerminalHandler.processTerminalInput (package:flutter_tools/src/resident_runner.dart:1644:7)
<asynchronous suspension>
```

## flutter doctor

```
[✓] Flutter (Channel stable, 2.2.3, on Microsoft Windows [Version 10.0.19042.1110], locale en-US)
    • Flutter version 2.2.3 at C:\flutter
    • Framework revision f4abaa0735 (6 weeks ago), 2021-07-01 12:46:11 -0700
    • Engine revision 241c87ad80
    • Dart version 2.13.4

[!] Android toolchain - develop for Android devices (Android SDK version 30.0.3)
    • Android SDK at C:\Users\Jaimin\AppData\Local\Android\sdk
    • Platform android-30, build-tools 30.0.3
    • Java binary at: C:\Program Files\Android\Android Studio\jre\bin\java
    • Java version OpenJDK Runtime Environment (build 11.0.8+10-b944.6842174)
    ✗ Android license status unknown.
      Run `flutter doctor --android-licenses` to accept the SDK licenses.
      See https://flutter.dev/docs/get-started/install/windows#android-setup for more details.

[✓] Chrome - develop for the web
    • Chrome at C:\Program Files (x86)\Google\Chrome\Application\chrome.exe

[✓] Android Studio (version 4.1.0)
    • Android Studio at C:\Program Files\Android\Android Studio
    • Flutter plugin can be installed from:
      🔨 https://plugins.jetbrains.com/plugin/9212-flutter
    • Dart plugin can be installed from:
      🔨 https://plugins.jetbrains.com/plugin/6351-dart
    • Java version OpenJDK Runtime Environment (build 11.0.8+10-b944.6842174)

[✓] Connected device (3 available)
    • M2006C3LI (mobile) • CQR8XCT4597D9DEI • android-arm    • Android 10 (API 29)
    • Chrome (web)       • chrome           • web-javascript • Google Chrome 92.0.4515.131
    • Edge (web)         • edge             • web-javascript • Microsoft Edge 89.0.774.68

! Doctor found issues in 1 category.
```
